  [4;36;1mSQL (0.2ms)[0m   [0;1mSET client_min_messages TO 'panic'[0m
  [4;35;1mSQL (0.2ms)[0m   [0mSET client_min_messages TO 'notice'[0m
  [4;36;1mSQL (0.3ms)[0m   [0;1mSET client_encoding TO 'unicode'[0m
  [4;35;1mSQL (22.0ms)[0m   [0mCREATE TABLE "schema_migrations" ("version" character varying(255) NOT NULL) [0m
  [4;36;1mSQL (10.3ms)[0m   [0;1mCREATE UNIQUE INDEX "unique_schema_migrations" ON "schema_migrations" ("version")[0m
  [4;35;1mSQL (0.7ms)[0m   [0mSELECT version FROM schema_migrations[0m
  [4;36;1mSQL (0.3ms)[0m   [0;1mSET client_min_messages TO 'panic'[0m
  [4;35;1mSQL (0.2ms)[0m   [0mSET client_min_messages TO 'notice'[0m
  [4;36;1mSQL (0.3ms)[0m   [0;1mSET client_encoding TO 'unicode'[0m
  [4;35;1mSQL (0.2ms)[0m   [0mSET search_path TO public[0m
  [4;36;1mSQL (238.3ms)[0m   [0;1mDROP DATABASE IF EXISTS "playpen_test"[0m
  [4;35;1mSQL (0.5ms)[0m   [0mSET client_min_messages TO 'panic'[0m
  [4;36;1mSQL (0.4ms)[0m   [0;1mSET client_min_messages TO 'notice'[0m
  [4;35;1mSQL (0.5ms)[0m   [0mSET client_encoding TO 'unicode'[0m
  [4;36;1mSQL (0.4ms)[0m   [0;1mSET search_path TO public[0m
  [4;35;1mSQL (946.4ms)[0m   [0mCREATE DATABASE "playpen_test" ENCODING = 'utf8'[0m
  [4;36;1mSQL (0.2ms)[0m   [0;1mSET client_min_messages TO 'panic'[0m
  [4;35;1mSQL (0.2ms)[0m   [0mSET client_min_messages TO 'notice'[0m
  [4;36;1mSQL (0.2ms)[0m   [0;1mSET client_encoding TO 'unicode'[0m
  [4;35;1mSQL (0.2ms)[0m   [0mSET client_min_messages TO 'panic'[0m
  [4;36;1mSQL (0.2ms)[0m   [0;1mSET client_min_messages TO 'notice'[0m
  [4;35;1mSQL (0.4ms)[0m   [0mSET client_encoding TO 'unicode'[0m
  [4;36;1mSQL (3.9ms)[0m   [0;1mCREATE TABLE "schema_migrations" ("version" character varying(255) NOT NULL) [0m
  [4;35;1mSQL (41.1ms)[0m   [0mCREATE UNIQUE INDEX "unique_schema_migrations" ON "schema_migrations" ("version")[0m
  [4;36;1mSQL (0.6ms)[0m   [0;1mSET client_min_messages TO 'panic'[0m
  [4;35;1mSQL (0.2ms)[0m   [0mSET client_min_messages TO 'notice'[0m
  [4;36;1mSQL (0.3ms)[0m   [0;1mSET client_encoding TO 'unicode'[0m
  [4;35;1mSQL (10.8ms)[0m   [0mCREATE TABLE "schema_migrations" ("version" character varying(255) NOT NULL) [0m
  [4;36;1mSQL (13.3ms)[0m   [0;1mCREATE UNIQUE INDEX "unique_schema_migrations" ON "schema_migrations" ("version")[0m
  [4;35;1mSQL (0.2ms)[0m   [0mSET client_min_messages TO 'panic'[0m
  [4;36;1mSQL (0.2ms)[0m   [0;1mSET client_min_messages TO 'notice'[0m
  [4;35;1mSQL (0.2ms)[0m   [0mSET client_encoding TO 'unicode'[0m
  [4;36;1mSQL (1.1ms)[0m   [0;1mSET client_min_messages TO 'panic'[0m
  [4;35;1mSQL (0.4ms)[0m   [0mSET client_min_messages TO 'notice'[0m
  [4;36;1mSQL (0.6ms)[0m   [0;1mSET client_encoding TO 'unicode'[0m
  [4;36;1mSQL (0.8ms)[0m   [0;1mSET client_min_messages TO 'panic'[0m
  [4;35;1mSQL (0.2ms)[0m   [0mSET client_min_messages TO 'notice'[0m
  [4;36;1mSQL (0.3ms)[0m   [0;1mSET client_encoding TO 'unicode'[0m
  [4;35;1mSQL (45.8ms)[0m   [0mSELECT version FROM schema_migrations[0m
  [4;36;1mSQL (0.2ms)[0m   [0;1mSET client_min_messages TO 'panic'[0m
  [4;35;1mSQL (0.2ms)[0m   [0mSET client_min_messages TO 'notice'[0m
  [4;36;1mSQL (0.3ms)[0m   [0;1mSET client_encoding TO 'unicode'[0m
  [4;35;1mSQL (0.5ms)[0m   [0mSELECT version FROM schema_migrations[0m
Migrating to ClearanceCreateUsers (20090727154721)
  [4;36;1mSQL (0.7ms)[0m   [0;1mBEGIN[0m
  [4;35;1mSQL (408.6ms)[0m   [0mCREATE TABLE "users" ("id" serial primary key, "email" character varying(255), "encrypted_password" character varying(128), "salt" character varying(128), "token" character varying(128), "token_expires_at" timestamp, "email_confirmed" boolean DEFAULT 'f' NOT NULL, "created_at" timestamp, "updated_at" timestamp) [0m
  [4;36;1mSQL (4.9ms)[0m   [0;1mCREATE INDEX "index_users_on_id_and_token" ON "users" ("id", "token")[0m
  [4;35;1mSQL (4.0ms)[0m   [0mCREATE INDEX "index_users_on_email" ON "users" ("email")[0m
  [4;36;1mSQL (11.9ms)[0m   [0;1mCREATE INDEX "index_users_on_token" ON "users" ("token")[0m
  [4;35;1mSQL (15.5ms)[0m   [0mINSERT INTO schema_migrations (version) VALUES ('20090727154721')[0m
  [4;36;1mSQL (1.5ms)[0m   [0;1mCOMMIT[0m
  [4;35;1mSQL (0.5ms)[0m   [0mSET client_min_messages TO 'panic'[0m
  [4;36;1mSQL (0.4ms)[0m   [0;1mSET client_min_messages TO 'notice'[0m
  [4;35;1mSQL (0.5ms)[0m   [0mSET client_encoding TO 'unicode'[0m
  [4;36;1mSQL (16.6ms)[0m   [0;1mSELECT version FROM schema_migrations[0m
Migrating to ClearanceCreateUsers (20090727154721)
  [4;35;1mSQL (0.5ms)[0m   [0mBEGIN[0m
  [4;36;1mSQL (188.8ms)[0m   [0;1mCREATE TABLE "users" ("id" serial primary key, "email" character varying(255), "encrypted_password" character varying(128), "salt" character varying(128), "token" character varying(128), "token_expires_at" timestamp, "email_confirmed" boolean DEFAULT 'f' NOT NULL, "created_at" timestamp, "updated_at" timestamp) [0m
  [4;35;1mSQL (4.5ms)[0m   [0mCREATE INDEX "index_users_on_id_and_token" ON "users" ("id", "token")[0m
  [4;36;1mSQL (3.7ms)[0m   [0;1mCREATE INDEX "index_users_on_email" ON "users" ("email")[0m
  [4;35;1mSQL (8.6ms)[0m   [0mCREATE INDEX "index_users_on_token" ON "users" ("token")[0m
  [4;36;1mSQL (15.6ms)[0m   [0;1mINSERT INTO schema_migrations (version) VALUES ('20090727154721')[0m
  [4;35;1mSQL (1.7ms)[0m   [0mCOMMIT[0m
  [4;36;1mSQL (0.5ms)[0m   [0;1mSET client_min_messages TO 'panic'[0m
  [4;35;1mSQL (0.4ms)[0m   [0mSET client_min_messages TO 'notice'[0m
  [4;36;1mSQL (0.5ms)[0m   [0;1mSET client_encoding TO 'unicode'[0m
  [4;35;1mSQL (16.0ms)[0m   [0mSELECT version FROM schema_migrations[0m
Migrating to ClearanceCreateUsers (20090727154721)
  [4;36;1mSQL (0.4ms)[0m   [0;1mBEGIN[0m
  [4;35;1mSQL (345.2ms)[0m   [0mCREATE TABLE "users" ("id" serial primary key, "email" character varying(255), "encrypted_password" character varying(128), "salt" character varying(128), "token" character varying(128), "token_expires_at" timestamp, "email_confirmed" boolean DEFAULT 'f' NOT NULL, "created_at" timestamp, "updated_at" timestamp) [0m
  [4;36;1mSQL (7.8ms)[0m   [0;1mCREATE INDEX "index_users_on_id_and_token" ON "users" ("id", "token")[0m
  [4;35;1mSQL (10.9ms)[0m   [0mCREATE INDEX "index_users_on_email" ON "users" ("email")[0m
  [4;36;1mSQL (4.6ms)[0m   [0;1mCREATE INDEX "index_users_on_token" ON "users" ("token")[0m
  [4;35;1mSQL (23.2ms)[0m   [0mINSERT INTO schema_migrations (version) VALUES ('20090727154721')[0m
  [4;36;1mSQL (2.1ms)[0m   [0;1mCOMMIT[0m
  [4;35;1mSQL (0.5ms)[0m   [0mSET client_min_messages TO 'panic'[0m
  [4;36;1mSQL (0.4ms)[0m   [0;1mSET client_min_messages TO 'notice'[0m
  [4;35;1mSQL (0.5ms)[0m   [0mSET client_encoding TO 'unicode'[0m
  [4;36;1mSQL (2.1ms)[0m   [0;1mSELECT version FROM schema_migrations[0m
Migrating to ClearanceCreateUsers (20090727154721)
  [4;36;1mSQL (0.2ms)[0m   [0;1mSET client_min_messages TO 'panic'[0m
  [4;35;1mSQL (0.2ms)[0m   [0mSET client_min_messages TO 'notice'[0m
  [4;36;1mSQL (0.3ms)[0m   [0;1mSET client_encoding TO 'unicode'[0m
  [4;35;1mSQL (1.0ms)[0m   [0mSELECT version FROM schema_migrations[0m
  [4;36;1mSQL (0.2ms)[0m   [0;1mSET client_min_messages TO 'panic'[0m
  [4;35;1mSQL (0.1ms)[0m   [0mSET client_min_messages TO 'notice'[0m
  [4;36;1mSQL (0.2ms)[0m   [0;1mSET client_encoding TO 'unicode'[0m
  [4;35;1mSQL (0.2ms)[0m   [0mSET search_path TO public[0m
  [4;36;1mSQL (475.5ms)[0m   [0;1mDROP DATABASE IF EXISTS "playpen_test"[0m
  [4;35;1mSQL (0.5ms)[0m   [0mSET client_min_messages TO 'panic'[0m
  [4;36;1mSQL (0.4ms)[0m   [0;1mSET client_min_messages TO 'notice'[0m
  [4;35;1mSQL (0.5ms)[0m   [0mSET client_encoding TO 'unicode'[0m
  [4;36;1mSQL (0.4ms)[0m   [0;1mSET search_path TO public[0m
  [4;35;1mSQL (1904.8ms)[0m   [0mCREATE DATABASE "playpen_test" ENCODING = 'utf8'[0m
  [4;36;1mSQL (0.2ms)[0m   [0;1mSET client_min_messages TO 'panic'[0m
  [4;35;1mSQL (0.2ms)[0m   [0mSET client_min_messages TO 'notice'[0m
  [4;36;1mSQL (0.3ms)[0m   [0;1mSET client_encoding TO 'unicode'[0m
  [4;36;1mSQL (0.2ms)[0m   [0;1mSET client_min_messages TO 'panic'[0m
  [4;35;1mSQL (0.2ms)[0m   [0mSET client_min_messages TO 'notice'[0m
  [4;36;1mSQL (0.3ms)[0m   [0;1mSET client_encoding TO 'unicode'[0m
  [4;35;1mSQL (0.6ms)[0m   [0mSELECT version FROM schema_migrations[0m
Migrating to ClearanceCreateUsers (20090727154721)
Migrating to ClearanceUpdateUsers (20090727160543)
  [4;36;1mSQL (0.2ms)[0m   [0;1mBEGIN[0m
  [4;35;1mSQL (0.4ms)[0m   [0mINSERT INTO schema_migrations (version) VALUES ('20090727160543')[0m
  [4;36;1mSQL (0.5ms)[0m   [0;1mCOMMIT[0m
  [4;35;1mSQL (2.8ms)[0m   [0mSET client_min_messages TO 'panic'[0m
  [4;36;1mSQL (0.2ms)[0m   [0;1mSET client_min_messages TO 'notice'[0m
  [4;35;1mSQL (0.2ms)[0m   [0mSET client_encoding TO 'unicode'[0m
  [4;36;1mSQL (0.6ms)[0m   [0;1mSELECT version FROM schema_migrations[0m
Migrating to ClearanceCreateUsers (20090727154721)
Migrating to ClearanceUpdateUsers (20090727160543)
  [4;35;1mSQL (0.2ms)[0m   [0mBEGIN[0m
  [4;36;1mSQL (0.4ms)[0m   [0;1mINSERT INTO schema_migrations (version) VALUES ('20090727160543')[0m
  [4;35;1mSQL (0.6ms)[0m   [0mCOMMIT[0m
  [4;36;1mSQL (0.2ms)[0m   [0;1mSET client_min_messages TO 'panic'[0m
  [4;35;1mSQL (0.2ms)[0m   [0mSET client_min_messages TO 'notice'[0m
  [4;36;1mSQL (0.2ms)[0m   [0;1mSET client_encoding TO 'unicode'[0m
  [4;35;1mSQL (3.3ms)[0m   [0mCREATE TABLE "schema_migrations" ("version" character varying(255) NOT NULL) [0m
  [4;36;1mSQL (17.0ms)[0m   [0;1mCREATE UNIQUE INDEX "unique_schema_migrations" ON "schema_migrations" ("version")[0m
  [4;35;1mSQL (0.4ms)[0m   [0mSELECT version FROM schema_migrations[0m
Migrating to ClearanceCreateUsers (20090727154721)
  [4;36;1mSQL (0.1ms)[0m   [0;1mBEGIN[0m
  [4;35;1mSQL (11.3ms)[0m   [0mCREATE TABLE "users" ("id" serial primary key, "email" character varying(255), "encrypted_password" character varying(128), "salt" character varying(128), "token" character varying(128), "token_expires_at" timestamp, "email_confirmed" boolean DEFAULT 'f' NOT NULL, "created_at" timestamp, "updated_at" timestamp) [0m
  [4;36;1mSQL (2.6ms)[0m   [0;1mCREATE INDEX "index_users_on_id_and_token" ON "users" ("id", "token")[0m
  [4;35;1mSQL (5.0ms)[0m   [0mCREATE INDEX "index_users_on_email" ON "users" ("email")[0m
  [4;36;1mSQL (2.3ms)[0m   [0;1mCREATE INDEX "index_users_on_token" ON "users" ("token")[0m
  [4;35;1mSQL (0.6ms)[0m   [0mINSERT INTO schema_migrations (version) VALUES ('20090727154721')[0m
  [4;36;1mSQL (1.5ms)[0m   [0;1mCOMMIT[0m
Migrating to ClearanceUpdateUsers (20090727160543)
  [4;35;1mSQL (0.8ms)[0m   [0mBEGIN[0m
  [4;36;1mSQL (0.3ms)[0m   [0;1mINSERT INTO schema_migrations (version) VALUES ('20090727160543')[0m
  [4;35;1mSQL (0.6ms)[0m   [0mCOMMIT[0m
  [4;36;1mSQL (0.2ms)[0m   [0;1mSET client_min_messages TO 'panic'[0m
  [4;35;1mSQL (0.2ms)[0m   [0mSET client_min_messages TO 'notice'[0m
  [4;36;1mSQL (0.3ms)[0m   [0;1mSET client_encoding TO 'unicode'[0m
  [4;35;1mSQL (0.8ms)[0m   [0mSELECT version FROM schema_migrations[0m
Migrating to ClearanceCreateUsers (20090727154721)
Migrating to ClearanceUpdateUsers (20090727160543)
  [4;36;1mSQL (0.5ms)[0m   [0;1mSET client_min_messages TO 'panic'[0m
  [4;35;1mSQL (0.4ms)[0m   [0mSET client_min_messages TO 'notice'[0m
  [4;36;1mSQL (0.6ms)[0m   [0;1mSET client_encoding TO 'unicode'[0m
  [4;35;1mSQL (20.9ms)[0m   [0mSELECT version FROM schema_migrations[0m
  [4;36;1mSQL (0.5ms)[0m   [0;1mSET client_min_messages TO 'panic'[0m
  [4;35;1mSQL (0.4ms)[0m   [0mSET client_min_messages TO 'notice'[0m
  [4;36;1mSQL (0.6ms)[0m   [0;1mSET client_encoding TO 'unicode'[0m
  [4;35;1mSQL (0.4ms)[0m   [0mSET search_path TO public[0m
  [4;36;1mSQL (271.1ms)[0m   [0;1mDROP DATABASE IF EXISTS "playpen_test"[0m
  [4;35;1mSQL (0.5ms)[0m   [0mSET client_min_messages TO 'panic'[0m
  [4;36;1mSQL (0.4ms)[0m   [0;1mSET client_min_messages TO 'notice'[0m
  [4;35;1mSQL (0.6ms)[0m   [0mSET client_encoding TO 'unicode'[0m
  [4;36;1mSQL (0.5ms)[0m   [0;1mSET search_path TO public[0m
  [4;35;1mSQL (1772.5ms)[0m   [0mCREATE DATABASE "playpen_test" ENCODING = 'utf8'[0m
  [4;36;1mSQL (0.2ms)[0m   [0;1mSET client_min_messages TO 'panic'[0m
  [4;35;1mSQL (0.1ms)[0m   [0mSET client_min_messages TO 'notice'[0m
  [4;36;1mSQL (0.2ms)[0m   [0;1mSET client_encoding TO 'unicode'[0m
  [4;35;1mSQL (0.6ms)[0m   [0mSELECT version FROM schema_migrations[0m
Migrating to ClearanceCreateUsers (20090727154721)
Migrating to ClearanceUpdateUsers (20090727160543)
  [4;36;1mSQL (0.2ms)[0m   [0;1mSET client_min_messages TO 'panic'[0m
  [4;35;1mSQL (0.2ms)[0m   [0mSET client_min_messages TO 'notice'[0m
  [4;36;1mSQL (0.3ms)[0m   [0;1mSET client_encoding TO 'unicode'[0m
  [4;35;1mSQL (35.2ms)[0m   [0mSELECT version FROM schema_migrations[0m
Migrating to ClearanceCreateUsers (20090727154721)
Migrating to ClearanceUpdateUsers (20090727160543)
  [4;36;1mSQL (0.2ms)[0m   [0;1mSET client_min_messages TO 'panic'[0m
  [4;35;1mSQL (0.2ms)[0m   [0mSET client_min_messages TO 'notice'[0m
  [4;36;1mSQL (0.3ms)[0m   [0;1mSET client_encoding TO 'unicode'[0m
  [4;35;1mSQL (3.7ms)[0m   [0mCREATE TABLE "schema_migrations" ("version" character varying(255) NOT NULL) [0m
  [4;36;1mSQL (14.6ms)[0m   [0;1mCREATE UNIQUE INDEX "unique_schema_migrations" ON "schema_migrations" ("version")[0m
  [4;35;1mSQL (0.5ms)[0m   [0mSELECT version FROM schema_migrations[0m
Migrating to ClearanceCreateUsers (20090727154721)
  [4;36;1mSQL (0.2ms)[0m   [0;1mBEGIN[0m
  [4;35;1mSQL (22.3ms)[0m   [0mCREATE TABLE "users" ("id" serial primary key, "email" character varying(255), "encrypted_password" character varying(128), "salt" character varying(128), "token" character varying(128), "token_expires_at" timestamp, "email_confirmed" boolean DEFAULT 'f' NOT NULL, "created_at" timestamp, "updated_at" timestamp) [0m
  [4;36;1mSQL (5.5ms)[0m   [0;1mCREATE INDEX "index_users_on_id_and_token" ON "users" ("id", "token")[0m
  [4;35;1mSQL (11.0ms)[0m   [0mCREATE INDEX "index_users_on_email" ON "users" ("email")[0m
  [4;36;1mSQL (5.7ms)[0m   [0;1mCREATE INDEX "index_users_on_token" ON "users" ("token")[0m
  [4;35;1mSQL (1.2ms)[0m   [0mINSERT INTO schema_migrations (version) VALUES ('20090727154721')[0m
  [4;36;1mSQL (16.8ms)[0m   [0;1mCOMMIT[0m
Migrating to ClearanceUpdateUsers (20090727160543)
  [4;35;1mSQL (1.9ms)[0m   [0mBEGIN[0m
  [4;36;1mSQL (0.8ms)[0m   [0;1mINSERT INTO schema_migrations (version) VALUES ('20090727160543')[0m
  [4;35;1mSQL (1.0ms)[0m   [0mCOMMIT[0m
  [4;36;1mSQL (0.5ms)[0m   [0;1mSET client_min_messages TO 'panic'[0m
  [4;35;1mSQL (0.4ms)[0m   [0mSET client_min_messages TO 'notice'[0m
  [4;36;1mSQL (1.0ms)[0m   [0;1mSET client_encoding TO 'unicode'[0m
  [4;35;1mSQL (1.5ms)[0m   [0mSELECT version FROM schema_migrations[0m
Migrating to ClearanceCreateUsers (20090727154721)
Migrating to ClearanceUpdateUsers (20090727160543)
